{"numFailedTestSuites":0,"numFailedTests":0,"numPassedTestSuites":2,"numPassedTests":2,"numPendingTestSuites":0,"numPendingTests":0,"numRuntimeErrorTestSuites":0,"numTodoTests":0,"numTotalTestSuites":2,"numTotalTests":2,"openHandles":[],"snapshot":{"added":0,"didUpdate":false,"failure":false,"filesAdded":0,"filesRemoved":0,"filesRemovedList":[],"filesUnmatched":0,"filesUpdated":0,"matched":0,"total":0,"unchecked":0,"uncheckedKeysByFile":[],"unmatched":0,"updated":0},"startTime":1689147100026,"success":true,"testResults":[{"assertionResults":[{"ancestorTitles":[],"duration":48,"failureDetails":[],"failureMessages":[],"fullName":"Should render component mock for test.","invocations":1,"location":null,"numPassingAsserts":2,"retryReasons":[],"status":"passed","title":"Should render component mock for test."}],"endTime":1689147101201,"message":"","name":"/Users/80444/Desktop/projects/unit-testing-research/src/components/Button/__test__/Button.test.tsx","startTime":1689147100369,"status":"passed","summary":""},{"assertionResults":[{"ancestorTitles":["useOrderListQuery","getAbilities"],"duration":79,"failureDetails":[],"failureMessages":[],"fullName":"useOrderListQuery getAbilities should able to query abilities data","invocations":1,"location":null,"numPassingAsserts":1,"retryReasons":[],"status":"passed","title":"should able to query abilities data"}],"endTime":1689147101510,"message":"","name":"/Users/80444/Desktop/projects/unit-testing-research/src/hooks/__test__/useGetAbilities.test.tsx","startTime":1689147101210,"status":"passed","summary":""}],"wasInterrupted":false}
